#
# There is insufficient memory for the Java Runtime Environment to continue.
# Native memory allocation (malloc) failed to allocate 1107248 bytes for Chunk::new
# Possible reasons:
#   The system is out of physical RAM or swap space
#   The process is running with CompressedOops enabled, and the Java Heap may be blocking the growth of the native heap
# Possible solutions:
#   Reduce memory load on the system
#   Increase physical memory or swap space
#   Check if swap backing store is full
#   Decrease Java heap size (-Xmx/-Xms)
#   Decrease number of Java threads
#   Decrease Java thread stack sizes (-Xss)
#   Set larger code cache with -XX:ReservedCodeCacheSize=
#   JVM is running with Unscaled Compressed Oops mode in which the Java heap is
#     placed in the first 4GB address space. The Java Heap base address is the
#     maximum limit for the native heap growth. Please use -XX:HeapBaseMinAddress
#     to set the Java Heap base and to place the Java Heap above 4GB virtual address.
# This output file may be truncated or incomplete.
#
#  Out of Memory Error (allocation.cpp:389), pid=21924, tid=0x000000000000495c
#
# JRE version: OpenJDK Runtime Environment (8.0_212-b04) (build 1.8.0_212-release-1586-b04)
# Java VM: OpenJDK 64-Bit Server VM (25.212-b04 mixed mode windows-amd64 compressed oops)
# Failed to write core dump. Minidumps are not enabled by default on client versions of Windows
#

---------------  T H R E A D  ---------------

Current thread (0x000000001a010000):  JavaThread "C2 CompilerThread1" daemon [_thread_in_native, id=18780, stack(0x000000001a9e0000,0x000000001aae0000)]

Stack: [0x000000001a9e0000,0x000000001aae0000]
[error occurred during error reporting (printing stack bounds), id 0xc0000005]

Native frames: (J=compiled Java code, j=interpreted, Vv=VM code, C=native code)


Current CompileTask:
C2:   4485 4457       4       org.jetbrains.kotlin.load.java.structure.impl.classFiles.BinaryJavaMethodBase$Companion::create (492 bytes)


---------------  P R O C E S S  ---------------

Java Threads: ( => current thread )
  0x000000001a0b4800 JavaThread "Service Thread" daemon [_thread_blocked, id=9416, stack(0x000000001ace0000,0x000000001ade0000)]
  0x000000001a026800 JavaThread "C1 CompilerThread3" daemon [_thread_in_native, id=7752, stack(0x000000001abe0000,0x000000001ace0000)]
  0x000000001a011800 JavaThread "C2 CompilerThread2" daemon [_thread_in_native, id=1512, stack(0x000000001aae0000,0x000000001abe0000)]
=>0x000000001a010000 JavaThread "C2 CompilerThread1" daemon [_thread_in_native, id=18780, stack(0x000000001a9e0000,0x000000001aae0000)]
  0x000000001a00b000 JavaThread "C2 CompilerThread0" daemon [_thread_in_native, id=19796, stack(0x000000001a8e0000,0x000000001a9e0000)]
  0x000000001a00a000 JavaThread "Attach Listener" daemon [_thread_blocked, id=23036, stack(0x000000001a7e0000,0x000000001a8e0000)]
  0x000000001a015800 JavaThread "Signal Dispatcher" daemon [_thread_blocked, id=10412, stack(0x000000001a6e0000,0x000000001a7e0000)]
  0x0000000018210000 JavaThread "Finalizer" daemon [_thread_blocked, id=23064, stack(0x000000001a4e0000,0x000000001a5e0000)]
  0x000000000321e000 JavaThread "Reference Handler" daemon [_thread_blocked, id=23052, stack(0x000000001a3e0000,0x000000001a4e0000)]
  0x0000000003126800 JavaThread "main" [_thread_in_Java, id=23376, stack(0x0000000003020000,0x0000000003120000)]

Other Threads:
  0x000000000321c800 VMThread [stack: 0x0000000019ee0000,0x0000000019fe0000] [id=17716]
  0x000000001a0c5800 WatcherThread [stack: 0x000000001ade0000,0x000000001aee0000] [id=4540]

VM state:not at safepoint (normal execution)

VM Mutex/Monitor currently owned by a thread: None

heap address: 0x0000000081400000, size: 2028 MB, Compressed Oops mode: 32-bit
Narrow klass base: 0x0000000000000000, Narrow klass shift: 3
Compressed class space size: 1073741824 Address: 0x0000000100000000

Heap:
 PSYoungGen      total 85504K, used 50568K [0x00000000d5c00000, 0x00000000dde80000, 0x0000000100000000)
  eden space 69632K, 51% used [0x00000000d5c00000,0x00000000d7f4ef60,0x00000000da000000)
  from space 15872K, 90% used [0x00000000da000000,0x00000000dae13478,0x00000000daf80000)
  to   space 17408K, 0% used [0x00000000dcd80000,0x00000000dcd80000,0x00000000dde80000)
 ParOldGen       total 66560K, used 15899K [0x0000000081400000, 0x0000000085500000, 0x00000000d5c00000)
  object space 66560K, 23% used [0x0000000081400000,0x0000000082386cc0,0x0000000085500000)
 Metaspace       used 41388K, capacity 42004K, committed 42416K, reserved 1087488K
  class space    used 5067K, capacity 5237K, committed 5296K, reserved 1048576K

Card table byte_map: [0x00000000125e0000,0x00000000129e0000] byte_map_base: 0x00000000121d6000

Marking Bits: (ParMarkBitMap*) 0x00000000651a9f30
 Begin Bits: [0x0000000013490000, 0x0000000015440000)
 End Bits:   [0x0000000015440000, 0x00000000173f0000)

Polling page: 0x00000000016a0000

CodeCache: size=245760Kb used=15248Kb max_used=15248Kb free=230512Kb
 bounds [0x0000000003220000, 0x0000000004110000, 0x0000000012220000]
 total_blobs=5226 nmethods=4774 adapters=365
 compilation: enabled

Compilation events (10 events):
Event: 4.482 Thread 0x000000001a00b000 4778       4       org.jetbrains.kotlin.descriptors.impl.FunctionDescriptorImpl::getModality (14 bytes)
Event: 4.482 Thread 0x000000001a026800 nmethod 4775 0x0000000004105ad0 code [0x0000000004105cc0, 0x0000000004106688]
Event: 4.482 Thread 0x000000001a026800 4776       3       org.jetbrains.kotlin.resolve.lazy.declarations.PsiBasedClassMemberDeclarationProvider::getCorrespondingClassOrObject (5 bytes)
Event: 4.482 Thread 0x000000001a026800 nmethod 4776 0x00000000041052d0 code [0x0000000004105460, 0x0000000004105928]
Event: 4.482 Thread 0x000000001a026800 4779       3       org.jetbrains.kotlin.resolve.VarianceCheckerCore::<init> (20 bytes)
Event: 4.483 Thread 0x000000001a00b000 nmethod 4778 0x0000000004103b90 code [0x0000000004103cc0, 0x0000000004103d38]
Event: 4.483 Thread 0x000000001a026800 nmethod 4779 0x0000000004104910 code [0x0000000004104ac0, 0x0000000004105058]
Event: 4.483 Thread 0x000000001a026800 4780       3       org.jetbrains.kotlin.resolve.VarianceCheckerCore::<init> (34 bytes)
Event: 4.483 Thread 0x000000001a026800 nmethod 4780 0x0000000004104250 code [0x00000000041043e0, 0x0000000004104798]
Event: 4.483 Thread 0x000000001a026800 4781       3       org.jetbrains.kotlin.resolve.VarianceCheckerCore::recordPrivateToThisIfNeeded (96 bytes)

GC Heap History (10 events):
Event: 2.386 GC heap before
{Heap before GC invocations=5 (full 1):
 PSYoungGen      total 38400K, used 33280K [0x00000000d5c00000, 0x00000000da700000, 0x0000000100000000)
  eden space 33280K, 100% used [0x00000000d5c00000,0x00000000d7c80000,0x00000000d7c80000)
  from space 5120K, 0% used [0x00000000d7c80000,0x00000000d7c80000,0x00000000d8180000)
  to   space 5120K, 0% used [0x00000000da200000,0x00000000da200000,0x00000000da700000)
 ParOldGen       total 66560K, used 9018K [0x0000000081400000, 0x0000000085500000, 0x00000000d5c00000)
  object space 66560K, 13% used [0x0000000081400000,0x0000000081cce850,0x0000000085500000)
 Metaspace       used 24617K, capacity 25064K, committed 25136K, reserved 1071104K
  class space    used 2948K, capacity 3088K, committed 3120K, reserved 1048576K
Event: 2.392 GC heap after
Heap after GC invocations=5 (full 1):
 PSYoungGen      total 52736K, used 5109K [0x00000000d5c00000, 0x00000000da700000, 0x0000000100000000)
  eden space 47616K, 0% used [0x00000000d5c00000,0x00000000d5c00000,0x00000000d8a80000)
  from space 5120K, 99% used [0x00000000da200000,0x00000000da6fd4f8,0x00000000da700000)
  to   space 5120K, 0% used [0x00000000d9d00000,0x00000000d9d00000,0x00000000da200000)
 ParOldGen       total 66560K, used 11549K [0x0000000081400000, 0x0000000085500000, 0x00000000d5c00000)
  object space 66560K, 17% used [0x0000000081400000,0x0000000081f475d0,0x0000000085500000)
 Metaspace       used 24617K, capacity 25064K, committed 25136K, reserved 1071104K
  class space    used 2948K, capacity 3088K, committed 3120K, reserved 1048576K
}
Event: 2.957 GC heap before
{Heap before GC invocations=6 (full 1):
 PSYoungGen      total 52736K, used 52725K [0x00000000d5c00000, 0x00000000da700000, 0x0000000100000000)
  eden space 47616K, 100% used [0x00000000d5c00000,0x00000000d8a80000,0x00000000d8a80000)
  from space 5120K, 99% used [0x00000000da200000,0x00000000da6fd4f8,0x00000000da700000)
  to   space 5120K, 0% used [0x00000000d9d00000,0x00000000d9d00000,0x00000000da200000)
 ParOldGen       total 66560K, used 11549K [0x0000000081400000, 0x0000000085500000, 0x00000000d5c00000)
  object space 66560K, 17% used [0x0000000081400000,0x0000000081f475d0,0x0000000085500000)
 Metaspace       used 33053K, capacity 33559K, committed 33840K, reserved 1079296K
  class space    used 4236K, capacity 4377K, committed 4400K, reserved 1048576K
Event: 2.967 GC heap after
Heap after GC invocations=6 (full 1):
 PSYoungGen      total 71680K, used 5090K [0x00000000d5c00000, 0x00000000dbf80000, 0x0000000100000000)
  eden space 66560K, 0% used [0x00000000d5c00000,0x00000000d5c00000,0x00000000d9d00000)
  from space 5120K, 99% used [0x00000000d9d00000,0x00000000da1f8918,0x00000000da200000)
  to   space 16384K, 0% used [0x00000000daf80000,0x00000000daf80000,0x00000000dbf80000)
 ParOldGen       total 66560K, used 23718K [0x0000000081400000, 0x0000000085500000, 0x00000000d5c00000)
  object space 66560K, 35% used [0x0000000081400000,0x0000000082b299c0,0x0000000085500000)
 Metaspace       used 33053K, capacity 33559K, committed 33840K, reserved 1079296K
  class space    used 4236K, capacity 4377K, committed 4400K, reserved 1048576K
}
Event: 3.101 GC heap before
{Heap before GC invocations=7 (full 1):
 PSYoungGen      total 71680K, used 11872K [0x00000000d5c00000, 0x00000000dbf80000, 0x0000000100000000)
  eden space 66560K, 10% used [0x00000000d5c00000,0x00000000d629f860,0x00000000d9d00000)
  from space 5120K, 99% used [0x00000000d9d00000,0x00000000da1f8918,0x00000000da200000)
  to   space 16384K, 0% used [0x00000000daf80000,0x00000000daf80000,0x00000000dbf80000)
 ParOldGen       total 66560K, used 23718K [0x0000000081400000, 0x0000000085500000, 0x00000000d5c00000)
  object space 66560K, 35% used [0x0000000081400000,0x0000000082b299c0,0x0000000085500000)
 Metaspace       used 34776K, capacity 35226K, committed 35496K, reserved 1081344K
  class space    used 4437K, capacity 4582K, committed 4656K, reserved 1048576K
Event: 3.107 GC heap after
Heap after GC invocations=7 (full 1):
 PSYoungGen      total 86016K, used 6907K [0x00000000d5c00000, 0x00000000dde80000, 0x0000000100000000)
  eden space 69632K, 0% used [0x00000000d5c00000,0x00000000d5c00000,0x00000000da000000)
  from space 16384K, 42% used [0x00000000daf80000,0x00000000db63ee00,0x00000000dbf80000)
  to   space 15872K, 0% used [0x00000000da000000,0x00000000da000000,0x00000000daf80000)
 ParOldGen       total 66560K, used 23726K [0x0000000081400000, 0x0000000085500000, 0x00000000d5c00000)
  object space 66560K, 35% used [0x0000000081400000,0x0000000082b2b9c0,0x0000000085500000)
 Metaspace       used 34776K, capacity 35226K, committed 35496K, reserved 1081344K
  class space    used 4437K, capacity 4582K, committed 4656K, reserved 1048576K
}
Event: 3.107 GC heap before
{Heap before GC invocations=8 (full 2):
 PSYoungGen      total 86016K, used 6907K [0x00000000d5c00000, 0x00000000dde80000, 0x0000000100000000)
  eden space 69632K, 0% used [0x00000000d5c00000,0x00000000d5c00000,0x00000000da000000)
  from space 16384K, 42% used [0x00000000daf80000,0x00000000db63ee00,0x00000000dbf80000)
  to   space 15872K, 0% used [0x00000000da000000,0x00000000da000000,0x00000000daf80000)
 ParOldGen       total 66560K, used 23726K [0x0000000081400000, 0x0000000085500000, 0x00000000d5c00000)
  object space 66560K, 35% used [0x0000000081400000,0x0000000082b2b9c0,0x0000000085500000)
 Metaspace       used 34776K, capacity 35226K, committed 35496K, reserved 1081344K
  class space    used 4437K, capacity 4582K, committed 4656K, reserved 1048576K
Event: 3.155 GC heap after
Heap after GC invocations=8 (full 2):
 PSYoungGen      total 86016K, used 0K [0x00000000d5c00000, 0x00000000dde80000, 0x0000000100000000)
  eden space 69632K, 0% used [0x00000000d5c00000,0x00000000d5c00000,0x00000000da000000)
  from space 16384K, 0% used [0x00000000daf80000,0x00000000daf80000,0x00000000dbf80000)
  to   space 15872K, 0% used [0x00000000da000000,0x00000000da000000,0x00000000daf80000)
 ParOldGen       total 66560K, used 15891K [0x0000000081400000, 0x0000000085500000, 0x00000000d5c00000)
  object space 66560K, 23% used [0x0000000081400000,0x0000000082384cc0,0x0000000085500000)
 Metaspace       used 34776K, capacity 35226K, committed 35496K, reserved 1081344K
  class space    used 4437K, capacity 4582K, committed 4656K, reserved 1048576K
}
Event: 3.932 GC heap before
{Heap before GC invocations=9 (full 2):
 PSYoungGen      total 86016K, used 69632K [0x00000000d5c00000, 0x00000000dde80000, 0x0000000100000000)
  eden space 69632K, 100% used [0x00000000d5c00000,0x00000000da000000,0x00000000da000000)
  from space 16384K, 0% used [0x00000000daf80000,0x00000000daf80000,0x00000000dbf80000)
  to   space 15872K, 0% used [0x00000000da000000,0x00000000da000000,0x00000000daf80000)
 ParOldGen       total 66560K, used 15891K [0x0000000081400000, 0x0000000085500000, 0x00000000d5c00000)
  object space 66560K, 23% used [0x0000000081400000,0x0000000082384cc0,0x0000000085500000)
 Metaspace       used 39908K, capacity 40484K, committed 40752K, reserved 1085440K
  class space    used 5016K, capacity 5163K, committed 5168K, reserved 1048576K
Event: 3.946 GC heap after
Heap after GC invocations=9 (full 2):
 PSYoungGen      total 85504K, used 14413K [0x00000000d5c00000, 0x00000000dde80000, 0x0000000100000000)
  eden space 69632K, 0% used [0x00000000d5c00000,0x00000000d5c00000,0x00000000da000000)
  from space 15872K, 90% used [0x00000000da000000,0x00000000dae13478,0x00000000daf80000)
  to   space 17408K, 0% used [0x00000000dcd80000,0x00000000dcd80000,0x00000000dde80000)
 ParOldGen       total 66560K, used 15899K [0x0000000081400000, 0x0000000085500000, 0x00000000d5c00000)
  object space 66560K, 23% used [0x0000000081400000,0x0000000082386cc0,0x0000000085500000)
 Metaspace       used 39908K, capacity 40484K, committed 40752K, reserved 1085440K
  class space    used 5016K, capacity 5163K, committed 5168K, reserved 1048576K
}

Deoptimization events (10 events):
Event: 3.342 Thread 0x0000000003126800 Uncommon trap: reason=bimorphic action=maybe_recompile pc=0x00000000037d976c method=org.jetbrains.kotlin.protobuf.CodedInputStream.tryRefillBuffer(I)Z @ 177
Event: 3.528 Thread 0x0000000003126800 Uncommon trap: reason=unstable_if action=reinterpret pc=0x00000000038c6f68 method=java.lang.AbstractStringBuilder.append(Ljava/lang/CharSequence;)Ljava/lang/AbstractStringBuilder; @ 29
Event: 3.621 Thread 0x0000000003126800 Uncommon trap: reason=unstable_if action=reinterpret pc=0x00000000037aeb14 method=org.jetbrains.kotlin.protobuf.CodedInputStream.readRawVarint32()I @ 69
Event: 3.621 Thread 0x0000000003126800 Uncommon trap: reason=unstable_if action=reinterpret pc=0x0000000003a15088 method=org.jetbrains.kotlin.protobuf.CodedOutputStream.computeRawVarint32Size(I)I @ 14
Event: 3.838 Thread 0x0000000003126800 Uncommon trap: reason=unstable_if action=reinterpret pc=0x0000000003aa4a44 method=gnu.trove.TObjectHash.insertionIndex(Ljava/lang/Object;)I @ 65
Event: 4.029 Thread 0x0000000003126800 Uncommon trap: reason=unstable_if action=reinterpret pc=0x0000000003d9aac8 method=org.jetbrains.org.objectweb.asm.ClassReader.readMethod(Lorg/jetbrains/org/objectweb/asm/ClassVisitor;Lorg/jetbrains/org/objectweb/asm/Context;I)I @ 316
Event: 4.140 Thread 0x0000000003126800 Uncommon trap: reason=unstable_if action=reinterpret pc=0x0000000003d8f0cc method=org.jetbrains.org.objectweb.asm.Type.getDescriptor()Ljava/lang/String; @ 35
Event: 4.315 Thread 0x0000000003126800 Uncommon trap: reason=class_check action=maybe_recompile pc=0x000000000394fe1c method=java.lang.Character.codePointAt(Ljava/lang/CharSequence;I)I @ 2
Event: 4.315 Thread 0x0000000003126800 Uncommon trap: reason=class_check action=maybe_recompile pc=0x000000000394fe1c method=java.lang.Character.codePointAt(Ljava/lang/CharSequence;I)I @ 2
Event: 4.442 Thread 0x0000000003126800 Uncommon trap: reason=null_check action=make_not_entrant pc=0x00000000040d8994 method=org.jetbrains.kotlin.load.java.components.JavaAnnotationDescriptor.<init>(Lorg/jetbrains/kotlin/load/java/lazy/LazyJavaResolverContext;Lorg/jetbrains/kotlin/load/java/st

Classes redefined (0 events):
No events

Internal exceptions (10 events):
Event: 1.775 Thread 0x0000000003126800 Exception <a 'java/lang/NoSuchMethodError': java.lang.Object.lambda$static$0(I)[Lorg/jetbrains/kotlin/com/intellij/psi/PsiAnnotation;> (0x00000000d67826b8) thrown at [D:\src\AOSP-openjdk-cygwin\jdk8u\hotspot\src\share\vm\interpreter\linkResolver.cpp, line
Event: 1.839 Thread 0x0000000003126800 Exception <a 'java/lang/NoSuchMethodError': java.lang.Object.lambda$static$0(I)[Lorg/jetbrains/kotlin/com/intellij/psi/PsiElement;> (0x00000000d6cc9178) thrown at [D:\src\AOSP-openjdk-cygwin\jdk8u\hotspot\src\share\vm\interpreter\linkResolver.cpp, line 62
Event: 2.539 Thread 0x0000000003126800 Exception <a 'java/lang/ArrayIndexOutOfBoundsException': 126> (0x00000000d67ce0a0) thrown at [D:\src\AOSP-openjdk-cygwin\jdk8u\hotspot\src\share\vm\interpreter\interpreterRuntime.cpp, line 368]
Event: 2.539 Thread 0x0000000003126800 Exception <a 'java/lang/ArrayIndexOutOfBoundsException': 86> (0x00000000d67cf528) thrown at [D:\src\AOSP-openjdk-cygwin\jdk8u\hotspot\src\share\vm\interpreter\interpreterRuntime.cpp, line 368]
Event: 3.033 Thread 0x0000000003126800 Exception <a 'java/lang/NoSuchMethodError': java.lang.Object.lambda$static$0(I)[Lorg/jetbrains/kotlin/psi/KtExpression;> (0x00000000d5f0a2b8) thrown at [D:\src\AOSP-openjdk-cygwin\jdk8u\hotspot\src\share\vm\interpreter\linkResolver.cpp, line 620]
Event: 3.047 Thread 0x0000000003126800 Implicit null exception at 0x000000000394a310 to 0x000000000394a3d9
Event: 3.163 Thread 0x0000000003126800 Exception <a 'java/lang/NoSuchMethodError': java.lang.Object.lambda$static$0(I)[Lorg/jetbrains/kotlin/psi/KtDeclaration;> (0x00000000d5c82468) thrown at [D:\src\AOSP-openjdk-cygwin\jdk8u\hotspot\src\share\vm\interpreter\linkResolver.cpp, line 620]
Event: 3.186 Thread 0x0000000003126800 Exception <a 'java/lang/NoSuchMethodError': java.lang.Object.lambda$static$0(I)[Lorg/jetbrains/kotlin/psi/KtTypeElement;> (0x00000000d5e07f40) thrown at [D:\src\AOSP-openjdk-cygwin\jdk8u\hotspot\src\share\vm\interpreter\linkResolver.cpp, line 620]
Event: 3.535 Thread 0x0000000003126800 Exception <a 'java/lang/NoSuchMethodError': java.lang.Object.lambda$static$0(I)[Lorg/jetbrains/kotlin/com/intellij/psi/PsiClass;> (0x00000000d8284818) thrown at [D:\src\AOSP-openjdk-cygwin\jdk8u\hotspot\src\share\vm\interpreter\linkResolver.cpp, line 620]
Event: 4.442 Thread 0x0000000003126800 Implicit null exception at 0x00000000040d8467 to 0x00000000040d8989

Events (10 events):
Event: 4.464 loading class org/jetbrains/kotlin/load/java/lazy/descriptors/JavaDescriptorUtilKt
Event: 4.464 loading class org/jetbrains/kotlin/load/java/lazy/descriptors/JavaDescriptorUtilKt done
Event: 4.465 loading class org/jetbrains/kotlin/load/java/lazy/descriptors/LazyJavaScope$resolveProperty$1
Event: 4.465 loading class org/jetbrains/kotlin/load/java/lazy/descriptors/LazyJavaScope$resolveProperty$1 done
Event: 4.465 loading class org/jetbrains/kotlin/load/java/lazy/descriptors/LazyJavaClassMemberScope$computeNonDeclaredProperties$1
Event: 4.465 loading class org/jetbrains/kotlin/load/java/lazy/descriptors/LazyJavaClassMemberScope$computeNonDeclaredProperties$1 done
Event: 4.466 loading class org/jetbrains/kotlin/load/java/lazy/descriptors/LazyJavaClassMemberScope$computeNonDeclaredProperties$2
Event: 4.466 loading class org/jetbrains/kotlin/load/java/lazy/descriptors/LazyJavaClassMemberScope$computeNonDeclaredProperties$2 done
Event: 4.466 loading class org/jetbrains/kotlin/descriptors/impl/PropertyDescriptorImpl$CopyConfiguration
Event: 4.466 loading class org/jetbrains/kotlin/descriptors/impl/PropertyDescriptorImpl$CopyConfiguration done


Dynamic libraries:
0x00007ff6ecd90000 - 0x00007ff6ecdc1000 	C:\Program Files\Android\Android Studio\jre\jre\bin\java.exe
0x00007ffcadde0000 - 0x00007ffcadfd0000 	C:\WINDOWS\SYSTEM32\ntdll.dll
0x00007ffcac880000 - 0x00007ffcac932000 	C:\WINDOWS\System32\KERNEL32.DLL
0x00007ffcaaf90000 - 0x00007ffcab233000 	C:\WINDOWS\System32\KERNELBASE.dll
0x00007ffcac770000 - 0x00007ffcac813000 	C:\WINDOWS\System32\ADVAPI32.dll
0x00007ffcad120000 - 0x00007ffcad1be000 	C:\WINDOWS\System32\msvcrt.dll
0x00007ffcadbd0000 - 0x00007ffcadc67000 	C:\WINDOWS\System32\sechost.dll
0x00007ffcac640000 - 0x00007ffcac760000 	C:\WINDOWS\System32\RPCRT4.dll
0x00007ffcacea0000 - 0x00007ffcad034000 	C:\WINDOWS\System32\USER32.dll
0x00007ffcaad90000 - 0x00007ffcaadb1000 	C:\WINDOWS\System32\win32u.dll
0x00007ffcad040000 - 0x00007ffcad066000 	C:\WINDOWS\System32\GDI32.dll
0x00007ffcab390000 - 0x00007ffcab524000 	C:\WINDOWS\System32\gdi32full.dll
0x00007ffcab240000 - 0x00007ffcab2de000 	C:\WINDOWS\System32\msvcp_win.dll
0x00007ffcaae90000 - 0x00007ffcaaf8a000 	C:\WINDOWS\System32\ucrtbase.dll
0x00007ffca1590000 - 0x00007ffca1815000 	C:\WINDOWS\WinSxS\amd64_microsoft.windows.common-controls_6595b64144ccf1df_6.0.18362.778_none_e6c6b761130d4fb8\COMCTL32.dll
0x00007ffcabe90000 - 0x00007ffcac1c6000 	C:\WINDOWS\System32\combase.dll
0x00007ffcaadc0000 - 0x00007ffcaae40000 	C:\WINDOWS\System32\bcryptPrimitives.dll
0x00007ffcaca30000 - 0x00007ffcaca5e000 	C:\WINDOWS\System32\IMM32.DLL
0x00000000656e0000 - 0x00000000657b2000 	C:\Program Files\Android\Android Studio\jre\jre\bin\msvcr100.dll
0x00000000649e0000 - 0x0000000065226000 	C:\Program Files\Android\Android Studio\jre\jre\bin\server\jvm.dll
0x00007ffcadd90000 - 0x00007ffcadd98000 	C:\WINDOWS\System32\PSAPI.DLL
0x00007ffca85d0000 - 0x00007ffca85f4000 	C:\WINDOWS\SYSTEM32\WINMM.dll
0x00007ffc96790000 - 0x00007ffc96799000 	C:\WINDOWS\SYSTEM32\WSOCK32.dll
0x00007ffca3280000 - 0x00007ffca328a000 	C:\WINDOWS\SYSTEM32\VERSION.dll
0x00007ffcacce0000 - 0x00007ffcacd4f000 	C:\WINDOWS\System32\WS2_32.dll
0x00007ffca8510000 - 0x00007ffca853d000 	C:\WINDOWS\SYSTEM32\WINMMBASE.dll
0x00007ffcaae40000 - 0x00007ffcaae8a000 	C:\WINDOWS\System32\cfgmgr32.dll
0x00007ffca8640000 - 0x00007ffca864f000 	C:\Program Files\Android\Android Studio\jre\jre\bin\verify.dll
0x00007ffc9abb0000 - 0x00007ffc9abd9000 	C:\Program Files\Android\Android Studio\jre\jre\bin\java.dll
0x00007ffca26a0000 - 0x00007ffca26b6000 	C:\Program Files\Android\Android Studio\jre\jre\bin\zip.dll
0x00007ffcad1c0000 - 0x00007ffcad8a5000 	C:\WINDOWS\System32\SHELL32.dll
0x00007ffcad070000 - 0x00007ffcad119000 	C:\WINDOWS\System32\shcore.dll
0x00007ffcab710000 - 0x00007ffcabe90000 	C:\WINDOWS\System32\windows.storage.dll
0x00007ffcaacd0000 - 0x00007ffcaacf3000 	C:\WINDOWS\System32\profapi.dll
0x00007ffcaad20000 - 0x00007ffcaad6a000 	C:\WINDOWS\System32\powrprof.dll
0x00007ffcaaca0000 - 0x00007ffcaacb0000 	C:\WINDOWS\System32\UMPDC.dll
0x00007ffcadc70000 - 0x00007ffcadcc2000 	C:\WINDOWS\System32\shlwapi.dll
0x00007ffcaad00000 - 0x00007ffcaad11000 	C:\WINDOWS\System32\kernel.appcore.dll
0x00007ffcaad70000 - 0x00007ffcaad87000 	C:\WINDOWS\System32\cryptsp.dll
0x00007ffca2240000 - 0x00007ffca225a000 	C:\Program Files\Android\Android Studio\jre\jre\bin\net.dll
0x00007ffca0330000 - 0x00007ffca0505000 	C:\WINDOWS\SYSTEM32\urlmon.dll
0x00007ffc9e850000 - 0x00007ffc9eaf6000 	C:\WINDOWS\SYSTEM32\iertutil.dll
0x00007ffcaa6e0000 - 0x00007ffcaa6ec000 	C:\WINDOWS\SYSTEM32\CRYPTBASE.DLL
0x00007ffcaa510000 - 0x00007ffcaa577000 	C:\WINDOWS\system32\mswsock.dll
0x00007ffc9eb00000 - 0x00007ffc9eb13000 	C:\Program Files\Android\Android Studio\jre\jre\bin\nio.dll

VM Arguments:
java_command: org.jetbrains.kotlin.cli.jvm.K2JVMCompiler -Xallow-no-source-files -classpath C:\Users\Irfan\AndroidStudioProjects\BookHub\app\build\intermediates\compile_and_runtime_not_namespaced_r_class_jar\debug\R.jar;C:\Users\Irfan\.gradle\caches\transforms-2\files-2.1\2007790f728a1209fc7f4c998ef37192\jetified-kotlin-android-extensions-runtime-1.3.72.jar;C:\Users\Irfan\.gradle\caches\transforms-2\files-2.1\04a3f47a61e66bdc148e7c91fa0eb96d\jetified-kotlin-stdlib-jdk7-1.3.72.jar;C:\Users\Irfan\.gradle\caches\transforms-2\files-2.1\a42d944f366cbc7cacbac9cd80622097\jetified-core-ktx-1.2.0-api.jar;C:\Users\Irfan\.gradle\caches\transforms-2\files-2.1\88fdafa44c425dc99960dc38fd21e606\jetified-kotlin-stdlib-1.3.72.jar;C:\Users\Irfan\.gradle\caches\transforms-2\files-2.1\3fc56f9567b3362c5e198a251df74ff8\jetified-kotlin-stdlib-common-1.3.72.jar;C:\Users\Irfan\.gradle\caches\transforms-2\files-2.1\e6b13d476c07d97a8633c2e07ebe8ba6\jetified-annotations-13.0.jar;C:\Users\Irfan\.gradle\caches\transforms-2\files-2.1\6c6f61f182eaa2324bafa6ca9f3800cb\material-1.0.0-api.jar;C:\Users\Irfan\.gradle\caches\transforms-2\files-2.1\d8113fa49becebbb1ecc5f8807aa8334\appcompat-1.1.0-api.jar;C:\Users\Irfan\.gradle\caches\transforms-2\files-2.1\22ab961fb415b701ce9ec243e60af608\jetified-picasso-2.71828-api.jar;C:\Users\Irfan\.gradle\caches\transforms-2\files-2.1\fbc754069f19d249d4f917b2d14d3d77\legacy-support-v4-1.0.0-api.jar;C:\Users\Irfan\.gradle\caches\transforms-2\files-2.1\a0f86dfd2cc89758c9fa4fb48c53c0d1\fragment-1.1.0-api.jar;C:\Users\Irfan\.gradle\caches\transforms-2\files-2.1\a9a09bc4780fc9a6870cc8cea0a41469\jetified-appcompat-resources-1.1.0-api.jar;C:\Users\Irfan\.gradle\caches\transforms-2\files-2.1\15aa247b9ddcd6aa6c8c8be1d2088ebd\recyclerview-1.0.0-api.jar;C:\Users\Irfan\.gradle\caches\transforms-2\files-2.1\c47fd7d7dc02ea3dddd5829307ed47b4\legacy-support-core-ui-1.0.0-api.jar;C:\Users\Irfan\.gradle\caches\transforms-2\files-2.1\f60d503848a7312f41ea0c690e81db3c\drawerlayout-1.0
java_class_path (initial): C:\Users\Irfan\.gradle\caches\modules-2\files-2.1\org.jetbrains.kotlin\kotlin-compiler-embeddable\1.3.72\fb72232c8fa977d5e07d33c43381ddbdc5edab6\kotlin-compiler-embeddable-1.3.72.jar;C:\Users\Irfan\.gradle\caches\modules-2\files-2.1\org.jetbrains.kotlin\kotlin-reflect\1.3.72\86613e1a669a701b0c660bfd2af4f82a7ae11fca\kotlin-reflect-1.3.72.jar;C:\Users\Irfan\.gradle\caches\modules-2\files-2.1\org.jetbrains.kotlin\kotlin-stdlib\1.3.72\8032138f12c0180bc4e51fe139d4c52b46db6109\kotlin-stdlib-1.3.72.jar;C:\Users\Irfan\.gradle\caches\modules-2\files-2.1\org.jetbrains.kotlin\kotlin-script-runtime\1.3.72\657d8d34d91e1964b4439378c09933e840bfe8d5\kotlin-script-runtime-1.3.72.jar;C:\Users\Irfan\.gradle\caches\modules-2\files-2.1\org.jetbrains.kotlin\kotlin-daemon-embeddable\1.3.72\53bbaa2816dbf6bdb85f629451b1fcc88f2164d2\kotlin-daemon-embeddable-1.3.72.jar;C:\Users\Irfan\.gradle\caches\modules-2\files-2.1\org.jetbrains.intellij.deps\trove4j\1.0.20181211\216c2e14b070f334479d800987affe4054cd563f\trove4j-1.0.20181211.jar;C:\Users\Irfan\.gradle\caches\modules-2\files-2.1\org.jetbrains.kotlin\kotlin-stdlib-common\1.3.72\6ca8bee3d88957eaaaef077c41c908c9940492d8\kotlin-stdlib-common-1.3.72.jar;C:\Users\Irfan\.gradle\caches\modules-2\files-2.1\org.jetbrains\annotations\13.0\919f0dfe192fb4e063e7dacadee7f8bb9a2672a9\annotations-13.0.jar;C:\Program Files\Android\Android Studio\jre\lib\tools.jar
Launcher Type: SUN_STANDARD

Environment Variables:
PATH=C:\windows\system32;C:\windows;C:\windows\System32\Wbem;C:\windows\System32\WindowsPowerShell\v1.0\;C:\windows\System32\OpenSSH\;C:\Program Files (x86)\Intel\Intel(R) Management Engine Components\DAL;C:\Program Files\Intel\Intel(R) Management Engine Components\DAL;C:\Program Files (x86)\Intel\Intel(R) Management Engine Components\IPT;C:\Program Files\Intel\Intel(R) Management Engine Components\IPT;C:\Program Files (x86)\NVIDIA Corporation\PhysX\Common;C:\WINDOWS\system32;C:\WINDOWS;C:\WINDOWS\System32\Wbem;C:\WINDOWS\System32\WindowsPowerShell\v1.0\;C:\WINDOWS\System32\OpenSSH\;C:\Program Files\Microsoft SQL Server\Client SDK\ODBC\170\Tools\Binn\;C:\Program Files (x86)\Microsoft SQL Server\150\Tools\Binn\;C:\Program Files\Microsoft SQL Server\150\Tools\Binn\;C:\Program Files\Microsoft SQL Server\150\DTS\Binn\;C:\Program Files\Java\jdk-13.0.1\bin
USERNAME=Irfan
OS=Windows_NT
PROCESSOR_IDENTIFIER=Intel64 Family 6 Model 142 Stepping 10, GenuineIntel



---------------  S Y S T E M  ---------------

OS: Windows 10.0 , 64 bit Build 18362 (10.0.18362.778)

CPU:total 8 (initial active 8) (4 cores per cpu, 2 threads per core) family 6 model 142 stepping 10, cmov, cx8, fxsr, mmx, sse, sse2, sse3, ssse3, sse4.1, sse4.2, popcnt, avx, avx2, aes, clmul, erms, 3dnowpref, lzcnt, ht, tsc, tscinvbit, bmi1, bmi2, adx

Memory: 4k page, physical 8301668k(690620k free), swap 33467492k(5364k free)

vm_info: OpenJDK 64-Bit Server VM (25.212-b04) for windows-amd64 JRE (1.8.0_212-release-1586-b04), built by "builder" with MS VC++ 10.0 (VS2010)

time: Sun May 24 10:45:14 2020
timezone: India Standard Time
elapsed time: 4 seconds (0d 0h 0m 4s)

