#
# There is insufficient memory for the Java Runtime Environment to continue.
# Native memory allocation (malloc) failed to allocate 988496 bytes for Chunk::new
# Possible reasons:
#   The system is out of physical RAM or swap space
#   The process is running with CompressedOops enabled, and the Java Heap may be blocking the growth of the native heap
# Possible solutions:
#   Reduce memory load on the system
#   Increase physical memory or swap space
#   Check if swap backing store is full
#   Decrease Java heap size (-Xmx/-Xms)
#   Decrease number of Java threads
#   Decrease Java thread stack sizes (-Xss)
#   Set larger code cache with -XX:ReservedCodeCacheSize=
#   JVM is running with Unscaled Compressed Oops mode in which the Java heap is
#     placed in the first 4GB address space. The Java Heap base address is the
#     maximum limit for the native heap growth. Please use -XX:HeapBaseMinAddress
#     to set the Java Heap base and to place the Java Heap above 4GB virtual address.
# This output file may be truncated or incomplete.
#
#  Out of Memory Error (allocation.cpp:389), pid=4996, tid=0x000000000000469c
#
# JRE version: OpenJDK Runtime Environment (8.0_212-b04) (build 1.8.0_212-release-1586-b04)
# Java VM: OpenJDK 64-Bit Server VM (25.212-b04 mixed mode windows-amd64 compressed oops)
# Failed to write core dump. Minidumps are not enabled by default on client versions of Windows
#

---------------  T H R E A D  ---------------

Current thread (0x0000000019e20000):  JavaThread "C2 CompilerThread0" daemon [_thread_in_native, id=18076, stack(0x000000001a6f0000,0x000000001a7f0000)]

Stack: [0x000000001a6f0000,0x000000001a7f0000]
[error occurred during error reporting (printing stack bounds), id 0xc0000005]

Native frames: (J=compiled Java code, j=interpreted, Vv=VM code, C=native code)


Current CompileTask:
C2:   3769 3221   !   4       org.jetbrains.kotlin.metadata.ProtoBuf$Function::<init> (1112 bytes)


---------------  P R O C E S S  ---------------

Java Threads: ( => current thread )
  0x0000000019e53000 JavaThread "Service Thread" daemon [_thread_blocked, id=24068, stack(0x000000001aaf0000,0x000000001abf0000)]
  0x0000000019e30000 JavaThread "C1 CompilerThread3" daemon [_thread_in_vm, id=15304, stack(0x000000001a9f0000,0x000000001aaf0000)]
  0x0000000019e24800 JavaThread "C2 CompilerThread2" daemon [_thread_blocked, id=12076, stack(0x000000001a8f0000,0x000000001a9f0000)]
  0x0000000019e23000 JavaThread "C2 CompilerThread1" daemon [_thread_in_native, id=20364, stack(0x000000001a7f0000,0x000000001a8f0000)]
=>0x0000000019e20000 JavaThread "C2 CompilerThread0" daemon [_thread_in_native, id=18076, stack(0x000000001a6f0000,0x000000001a7f0000)]
  0x0000000019e1b800 JavaThread "Attach Listener" daemon [_thread_blocked, id=3900, stack(0x000000001a5f0000,0x000000001a6f0000)]
  0x0000000019e26000 JavaThread "Signal Dispatcher" daemon [_thread_blocked, id=14316, stack(0x000000001a4f0000,0x000000001a5f0000)]
  0x000000000306c800 JavaThread "Finalizer" daemon [_thread_blocked, id=19648, stack(0x000000001a2f0000,0x000000001a3f0000)]
  0x0000000019e10800 JavaThread "Reference Handler" daemon [_thread_blocked, id=21424, stack(0x000000001a1f0000,0x000000001a2f0000)]
  0x0000000002f76800 JavaThread "main" [_thread_in_Java, id=14548, stack(0x0000000002e70000,0x0000000002f70000)]

Other Threads:
  0x0000000018027800 VMThread [stack: 0x0000000019cf0000,0x0000000019df0000] [id=20524]
  0x0000000019e53800 WatcherThread [stack: 0x000000001abf0000,0x000000001acf0000] [id=12972]

VM state:not at safepoint (normal execution)

VM Mutex/Monitor currently owned by a thread: None

heap address: 0x0000000081400000, size: 2028 MB, Compressed Oops mode: 32-bit
Narrow klass base: 0x0000000000000000, Narrow klass shift: 3
Compressed class space size: 1073741824 Address: 0x0000000100000000

Heap:
 PSYoungGen      total 82432K, used 55321K [0x00000000d5c00000, 0x00000000dbf80000, 0x0000000100000000)
  eden space 66560K, 83% used [0x00000000d5c00000,0x00000000d9206708,0x00000000d9d00000)
  from space 15872K, 0% used [0x00000000db000000,0x00000000db000000,0x00000000dbf80000)
  to   space 5120K, 0% used [0x00000000d9d00000,0x00000000d9d00000,0x00000000da200000)
 ParOldGen       total 66048K, used 16120K [0x0000000081400000, 0x0000000085480000, 0x00000000d5c00000)
  object space 66048K, 24% used [0x0000000081400000,0x00000000823be398,0x0000000085480000)
 Metaspace       used 38658K, capacity 39190K, committed 39424K, reserved 1083392K
  class space    used 4902K, capacity 5058K, committed 5120K, reserved 1048576K

Card table byte_map: [0x0000000012430000,0x0000000012830000] byte_map_base: 0x0000000012026000

Marking Bits: (ParMarkBitMap*) 0x00000000651a9f30
 Begin Bits: [0x00000000132e0000, 0x0000000015290000)
 End Bits:   [0x0000000015290000, 0x0000000017240000)

Polling page: 0x00000000014f0000

CodeCache: size=245760Kb used=10682Kb max_used=10688Kb free=235077Kb
 bounds [0x0000000003070000, 0x0000000003af0000, 0x0000000012070000]
 total_blobs=3773 nmethods=3329 adapters=357
 compilation: enabled

Compilation events (10 events):
Event: 3.763 Thread 0x0000000019e30000 3324       1       org.jetbrains.kotlin.load.java.lazy.descriptors.LazyJavaPackageScope::getOwnerDescriptor (5 bytes)
Event: 3.763 Thread 0x0000000019e30000 nmethod 3324 0x0000000003ad9890 code [0x0000000003ad99e0, 0x0000000003ad9af0]
Event: 3.765 Thread 0x0000000019e30000 3327       3       org.jetbrains.kotlin.load.java.structure.impl.classFiles.BinaryJavaClass::visitField (147 bytes)
Event: 3.765 Thread 0x0000000019e24800 3328       4       org.jetbrains.kotlin.com.intellij.util.containers.ContainerUtil::newSmartList (8 bytes)
Event: 3.766 Thread 0x0000000019e24800 nmethod 3328 0x0000000003ae0ad0 code [0x0000000003ae0c20, 0x0000000003ae0cd8]
Event: 3.766 Thread 0x0000000019e24800 3329       4       kotlin.SynchronizedLazyImpl::<init> (37 bytes)
Event: 3.766 Thread 0x0000000019e30000 nmethod 3327 0x0000000003ae43d0 code [0x0000000003ae4660, 0x0000000003ae5608]
Event: 3.766 Thread 0x0000000019e30000 3330       3       org.jetbrains.kotlin.load.java.structure.impl.classFiles.AnnotationsAndParameterCollectorMethodVisitor::visitParameterAnnotation (99 bytes)
Event: 3.767 Thread 0x0000000019e30000 nmethod 3330 0x0000000003ae3450 code [0x0000000003ae3640, 0x0000000003ae4118]
Event: 3.767 Thread 0x0000000019e24800 nmethod 3329 0x0000000003ae07d0 code [0x0000000003ae0920, 0x0000000003ae09f8]

GC Heap History (10 events):
Event: 1.755 GC heap before
{Heap before GC invocations=4 (full 1):
 PSYoungGen      total 38400K, used 5112K [0x00000000d5c00000, 0x00000000da700000, 0x0000000100000000)
  eden space 33280K, 0% used [0x00000000d5c00000,0x00000000d5c00000,0x00000000d7c80000)
  from space 5120K, 99% used [0x00000000d7c80000,0x00000000d817e278,0x00000000d8180000)
  to   space 5120K, 0% used [0x00000000da200000,0x00000000da200000,0x00000000da700000)
 ParOldGen       total 87552K, used 11773K [0x0000000081400000, 0x0000000086980000, 0x00000000d5c00000)
  object space 87552K, 13% used [0x0000000081400000,0x0000000081f7f488,0x0000000086980000)
 Metaspace       used 20715K, capacity 21122K, committed 21296K, reserved 1069056K
  class space    used 2452K, capacity 2593K, committed 2688K, reserved 1048576K
Event: 1.782 GC heap after
Heap after GC invocations=4 (full 1):
 PSYoungGen      total 38400K, used 0K [0x00000000d5c00000, 0x00000000da700000, 0x0000000100000000)
  eden space 33280K, 0% used [0x00000000d5c00000,0x00000000d5c00000,0x00000000d7c80000)
  from space 5120K, 0% used [0x00000000d7c80000,0x00000000d7c80000,0x00000000d8180000)
  to   space 5120K, 0% used [0x00000000da200000,0x00000000da200000,0x00000000da700000)
 ParOldGen       total 66048K, used 9016K [0x0000000081400000, 0x0000000085480000, 0x00000000d5c00000)
  object space 66048K, 13% used [0x0000000081400000,0x0000000081cce328,0x0000000085480000)
 Metaspace       used 20715K, capacity 21122K, committed 21296K, reserved 1069056K
  class space    used 2452K, capacity 2593K, committed 2688K, reserved 1048576K
}
Event: 2.322 GC heap before
{Heap before GC invocations=5 (full 1):
 PSYoungGen      total 38400K, used 33280K [0x00000000d5c00000, 0x00000000da700000, 0x0000000100000000)
  eden space 33280K, 100% used [0x00000000d5c00000,0x00000000d7c80000,0x00000000d7c80000)
  from space 5120K, 0% used [0x00000000d7c80000,0x00000000d7c80000,0x00000000d8180000)
  to   space 5120K, 0% used [0x00000000da200000,0x00000000da200000,0x00000000da700000)
 ParOldGen       total 66048K, used 9016K [0x0000000081400000, 0x0000000085480000, 0x00000000d5c00000)
  object space 66048K, 13% used [0x0000000081400000,0x0000000081cce328,0x0000000085480000)
 Metaspace       used 24592K, capacity 25064K, committed 25216K, reserved 1071104K
  class space    used 2948K, capacity 3088K, committed 3200K, reserved 1048576K
Event: 2.328 GC heap after
Heap after GC invocations=5 (full 1):
 PSYoungGen      total 53248K, used 5095K [0x00000000d5c00000, 0x00000000da700000, 0x0000000100000000)
  eden space 48128K, 0% used [0x00000000d5c00000,0x00000000d5c00000,0x00000000d8b00000)
  from space 5120K, 99% used [0x00000000da200000,0x00000000da6f9ff8,0x00000000da700000)
  to   space 5120K, 0% used [0x00000000d9d00000,0x00000000d9d00000,0x00000000da200000)
 ParOldGen       total 66048K, used 11507K [0x0000000081400000, 0x0000000085480000, 0x00000000d5c00000)
  object space 66048K, 17% used [0x0000000081400000,0x0000000081f3cfa8,0x0000000085480000)
 Metaspace       used 24592K, capacity 25064K, committed 25216K, reserved 1071104K
  class space    used 2948K, capacity 3088K, committed 3200K, reserved 1048576K
}
Event: 2.967 GC heap before
{Heap before GC invocations=6 (full 1):
 PSYoungGen      total 53248K, used 53223K [0x00000000d5c00000, 0x00000000da700000, 0x0000000100000000)
  eden space 48128K, 100% used [0x00000000d5c00000,0x00000000d8b00000,0x00000000d8b00000)
  from space 5120K, 99% used [0x00000000da200000,0x00000000da6f9ff8,0x00000000da700000)
  to   space 5120K, 0% used [0x00000000d9d00000,0x00000000d9d00000,0x00000000da200000)
 ParOldGen       total 66048K, used 11507K [0x0000000081400000, 0x0000000085480000, 0x00000000d5c00000)
  object space 66048K, 17% used [0x0000000081400000,0x0000000081f3cfa8,0x0000000085480000)
 Metaspace       used 32727K, capacity 33167K, committed 33536K, reserved 1079296K
  class space    used 4167K, capacity 4311K, committed 4352K, reserved 1048576K
Event: 2.978 GC heap after
Heap after GC invocations=6 (full 1):
 PSYoungGen      total 71680K, used 5090K [0x00000000d5c00000, 0x00000000dbf80000, 0x0000000100000000)
  eden space 66560K, 0% used [0x00000000d5c00000,0x00000000d5c00000,0x00000000d9d00000)
  from space 5120K, 99% used [0x00000000d9d00000,0x00000000da1f8918,0x00000000da200000)
  to   space 15872K, 0% used [0x00000000db000000,0x00000000db000000,0x00000000dbf80000)
 ParOldGen       total 66048K, used 23432K [0x0000000081400000, 0x0000000085480000, 0x00000000d5c00000)
  object space 66048K, 35% used [0x0000000081400000,0x0000000082ae2270,0x0000000085480000)
 Metaspace       used 32727K, capacity 33167K, committed 33536K, reserved 1079296K
  class space    used 4167K, capacity 4311K, committed 4352K, reserved 1048576K
}
Event: 3.147 GC heap before
{Heap before GC invocations=7 (full 1):
 PSYoungGen      total 71680K, used 13056K [0x00000000d5c00000, 0x00000000dbf80000, 0x0000000100000000)
  eden space 66560K, 11% used [0x00000000d5c00000,0x00000000d63c7848,0x00000000d9d00000)
  from space 5120K, 99% used [0x00000000d9d00000,0x00000000da1f8918,0x00000000da200000)
  to   space 15872K, 0% used [0x00000000db000000,0x00000000db000000,0x00000000dbf80000)
 ParOldGen       total 66048K, used 23432K [0x0000000081400000, 0x0000000085480000, 0x00000000d5c00000)
  object space 66048K, 35% used [0x0000000081400000,0x0000000082ae2270,0x0000000085480000)
 Metaspace       used 34869K, capacity 35352K, committed 35496K, reserved 1081344K
  class space    used 4454K, capacity 4593K, committed 4608K, reserved 1048576K
Event: 3.153 GC heap after
Heap after GC invocations=7 (full 1):
 PSYoungGen      total 82432K, used 7194K [0x00000000d5c00000, 0x00000000dbf80000, 0x0000000100000000)
  eden space 66560K, 0% used [0x00000000d5c00000,0x00000000d5c00000,0x00000000d9d00000)
  from space 15872K, 45% used [0x00000000db000000,0x00000000db706a20,0x00000000dbf80000)
  to   space 5120K, 0% used [0x00000000d9d00000,0x00000000d9d00000,0x00000000da200000)
 ParOldGen       total 66048K, used 23440K [0x0000000081400000, 0x0000000085480000, 0x00000000d5c00000)
  object space 66048K, 35% used [0x0000000081400000,0x0000000082ae4270,0x0000000085480000)
 Metaspace       used 34869K, capacity 35352K, committed 35496K, reserved 1081344K
  class space    used 4454K, capacity 4593K, committed 4608K, reserved 1048576K
}
Event: 3.153 GC heap before
{Heap before GC invocations=8 (full 2):
 PSYoungGen      total 82432K, used 7194K [0x00000000d5c00000, 0x00000000dbf80000, 0x0000000100000000)
  eden space 66560K, 0% used [0x00000000d5c00000,0x00000000d5c00000,0x00000000d9d00000)
  from space 15872K, 45% used [0x00000000db000000,0x00000000db706a20,0x00000000dbf80000)
  to   space 5120K, 0% used [0x00000000d9d00000,0x00000000d9d00000,0x00000000da200000)
 ParOldGen       total 66048K, used 23440K [0x0000000081400000, 0x0000000085480000, 0x00000000d5c00000)
  object space 66048K, 35% used [0x0000000081400000,0x0000000082ae4270,0x0000000085480000)
 Metaspace       used 34869K, capacity 35352K, committed 35496K, reserved 1081344K
  class space    used 4454K, capacity 4593K, committed 4608K, reserved 1048576K
Event: 3.199 GC heap after
Heap after GC invocations=8 (full 2):
 PSYoungGen      total 82432K, used 0K [0x00000000d5c00000, 0x00000000dbf80000, 0x0000000100000000)
  eden space 66560K, 0% used [0x00000000d5c00000,0x00000000d5c00000,0x00000000d9d00000)
  from space 15872K, 0% used [0x00000000db000000,0x00000000db000000,0x00000000dbf80000)
  to   space 5120K, 0% used [0x00000000d9d00000,0x00000000d9d00000,0x00000000da200000)
 ParOldGen       total 66048K, used 16120K [0x0000000081400000, 0x0000000085480000, 0x00000000d5c00000)
  object space 66048K, 24% used [0x0000000081400000,0x00000000823be398,0x0000000085480000)
 Metaspace       used 34869K, capacity 35352K, committed 35496K, reserved 1081344K
  class space    used 4454K, capacity 4593K, committed 4608K, reserved 1048576K
}

Deoptimization events (10 events):
Event: 3.362 Thread 0x0000000002f76800 Uncommon trap: reason=bimorphic action=maybe_recompile pc=0x000000000361fcf8 method=org.jetbrains.kotlin.protobuf.CodedInputStream.tryRefillBuffer(I)Z @ 177
Event: 3.363 Thread 0x0000000002f76800 Uncommon trap: reason=bimorphic action=maybe_recompile pc=0x000000000361fcf8 method=org.jetbrains.kotlin.protobuf.CodedInputStream.tryRefillBuffer(I)Z @ 177
Event: 3.364 Thread 0x0000000002f76800 Uncommon trap: reason=bimorphic action=maybe_recompile pc=0x000000000361fcf8 method=org.jetbrains.kotlin.protobuf.CodedInputStream.tryRefillBuffer(I)Z @ 177
Event: 3.366 Thread 0x0000000002f76800 Uncommon trap: reason=bimorphic action=maybe_recompile pc=0x000000000361fcf8 method=org.jetbrains.kotlin.protobuf.CodedInputStream.tryRefillBuffer(I)Z @ 177
Event: 3.371 Thread 0x0000000002f76800 Uncommon trap: reason=unstable_if action=reinterpret pc=0x0000000003862dc4 method=org.jetbrains.org.objectweb.asm.ClassReader.readUtf(II[C)Ljava/lang/String; @ 41
Event: 3.385 Thread 0x0000000002f76800 Uncommon trap: reason=bimorphic action=maybe_recompile pc=0x000000000362c358 method=org.jetbrains.kotlin.protobuf.CodedInputStream.tryRefillBuffer(I)Z @ 177
Event: 3.472 Thread 0x0000000002f76800 Uncommon trap: reason=unstable_if action=reinterpret pc=0x00000000035bd448 method=org.jetbrains.kotlin.protobuf.CodedInputStream.readRawVarint32()I @ 10
Event: 3.573 Thread 0x0000000002f76800 Uncommon trap: reason=unstable_if action=reinterpret pc=0x000000000388cfe8 method=java.lang.AbstractStringBuilder.append(Ljava/lang/CharSequence;)Ljava/lang/AbstractStringBuilder; @ 29
Event: 3.663 Thread 0x0000000002f76800 Uncommon trap: reason=unstable_if action=reinterpret pc=0x0000000003996ba4 method=org.jetbrains.kotlin.protobuf.CodedInputStream.readRawVarint32()I @ 69
Event: 3.663 Thread 0x0000000002f76800 Uncommon trap: reason=unstable_if action=reinterpret pc=0x00000000038cf708 method=org.jetbrains.kotlin.protobuf.CodedOutputStream.computeRawVarint32Size(I)I @ 14

Classes redefined (0 events):
No events

Internal exceptions (10 events):
Event: 1.656 Thread 0x0000000002f76800 Exception <a 'java/lang/NoSuchMethodError': java.lang.Object.lambda$static$0(I)[Lorg/jetbrains/kotlin/com/intellij/openapi/editor/event/DocumentListener;> (0x00000000d655c0e8) thrown at [D:\src\AOSP-openjdk-cygwin\jdk8u\hotspot\src\share\vm\interpreter\li
Event: 1.678 Thread 0x0000000002f76800 Exception <a 'java/lang/NoSuchMethodError': java.lang.Object.lambda$static$0(I)[Lorg/jetbrains/kotlin/com/intellij/psi/PsiAnnotation;> (0x00000000d6779048) thrown at [D:\src\AOSP-openjdk-cygwin\jdk8u\hotspot\src\share\vm\interpreter\linkResolver.cpp, line
Event: 1.743 Thread 0x0000000002f76800 Exception <a 'java/lang/NoSuchMethodError': java.lang.Object.lambda$static$0(I)[Lorg/jetbrains/kotlin/com/intellij/psi/PsiElement;> (0x00000000d6cbf498) thrown at [D:\src\AOSP-openjdk-cygwin\jdk8u\hotspot\src\share\vm\interpreter\linkResolver.cpp, line 62
Event: 2.497 Thread 0x0000000002f76800 Exception <a 'java/lang/ArrayIndexOutOfBoundsException': 126> (0x00000000d68b5120) thrown at [D:\src\AOSP-openjdk-cygwin\jdk8u\hotspot\src\share\vm\interpreter\interpreterRuntime.cpp, line 368]
Event: 2.497 Thread 0x0000000002f76800 Exception <a 'java/lang/ArrayIndexOutOfBoundsException': 86> (0x00000000d68b65a8) thrown at [D:\src\AOSP-openjdk-cygwin\jdk8u\hotspot\src\share\vm\interpreter\interpreterRuntime.cpp, line 368]
Event: 3.063 Thread 0x0000000002f76800 Exception <a 'java/lang/NoSuchMethodError': java.lang.Object.lambda$static$0(I)[Lorg/jetbrains/kotlin/psi/KtExpression;> (0x00000000d5fe68c8) thrown at [D:\src\AOSP-openjdk-cygwin\jdk8u\hotspot\src\share\vm\interpreter\linkResolver.cpp, line 620]
Event: 3.077 Thread 0x0000000002f76800 Implicit null exception at 0x00000000037a7190 to 0x00000000037a7259
Event: 3.145 Thread 0x0000000002f76800 Exception <a 'java/lang/NoSuchMethodError': java.lang.Object.lambda$static$0(I)[Lorg/jetbrains/kotlin/psi/KtDeclaration;> (0x00000000d635ae98) thrown at [D:\src\AOSP-openjdk-cygwin\jdk8u\hotspot\src\share\vm\interpreter\linkResolver.cpp, line 620]
Event: 3.219 Thread 0x0000000002f76800 Exception <a 'java/lang/NoSuchMethodError': java.lang.Object.lambda$static$0(I)[Lorg/jetbrains/kotlin/psi/KtTypeElement;> (0x00000000d5d74cf0) thrown at [D:\src\AOSP-openjdk-cygwin\jdk8u\hotspot\src\share\vm\interpreter\linkResolver.cpp, line 620]
Event: 3.580 Thread 0x0000000002f76800 Exception <a 'java/lang/NoSuchMethodError': java.lang.Object.lambda$static$0(I)[Lorg/jetbrains/kotlin/com/intellij/psi/PsiClass;> (0x00000000d81efb28) thrown at [D:\src\AOSP-openjdk-cygwin\jdk8u\hotspot\src\share\vm\interpreter\linkResolver.cpp, line 620]

Events (10 events):
Event: 3.706 loading class org/jetbrains/kotlin/diagnostics/DiagnosticSink$1
Event: 3.706 loading class org/jetbrains/kotlin/diagnostics/DiagnosticSink$1 done
Event: 3.707 loading class org/jetbrains/kotlin/diagnostics/DiagnosticSink$2
Event: 3.707 loading class org/jetbrains/kotlin/diagnostics/DiagnosticSink$2 done
Event: 3.716 loading class org/jetbrains/kotlin/descriptors/impl/PropertySetterDescriptorImpl
Event: 3.716 loading class org/jetbrains/kotlin/descriptors/impl/PropertySetterDescriptorImpl done
Event: 3.744 loading class javaslang/control/Option$None
Event: 3.744 loading class javaslang/control/Option$None done
Event: 3.750 Thread 0x0000000002f76800 DEOPT PACKING pc=0x00000000032e6e8d sp=0x0000000002f6ac20
Event: 3.750 Thread 0x0000000002f76800 DEOPT UNPACKING pc=0x00000000030b75d0 sp=0x0000000002f6a970 mode 0


Dynamic libraries:
0x00007ff6ecd90000 - 0x00007ff6ecdc1000 	C:\Program Files\Android\Android Studio\jre\jre\bin\java.exe
0x00007ffcadde0000 - 0x00007ffcadfd0000 	C:\WINDOWS\SYSTEM32\ntdll.dll
0x00007ffcac880000 - 0x00007ffcac932000 	C:\WINDOWS\System32\KERNEL32.DLL
0x00007ffcaaf90000 - 0x00007ffcab233000 	C:\WINDOWS\System32\KERNELBASE.dll
0x00007ffcac770000 - 0x00007ffcac813000 	C:\WINDOWS\System32\ADVAPI32.dll
0x00007ffcad120000 - 0x00007ffcad1be000 	C:\WINDOWS\System32\msvcrt.dll
0x00007ffcadbd0000 - 0x00007ffcadc67000 	C:\WINDOWS\System32\sechost.dll
0x00007ffcac640000 - 0x00007ffcac760000 	C:\WINDOWS\System32\RPCRT4.dll
0x00007ffcacea0000 - 0x00007ffcad034000 	C:\WINDOWS\System32\USER32.dll
0x00007ffcaad90000 - 0x00007ffcaadb1000 	C:\WINDOWS\System32\win32u.dll
0x00007ffcad040000 - 0x00007ffcad066000 	C:\WINDOWS\System32\GDI32.dll
0x00007ffcab390000 - 0x00007ffcab524000 	C:\WINDOWS\System32\gdi32full.dll
0x00007ffcab240000 - 0x00007ffcab2de000 	C:\WINDOWS\System32\msvcp_win.dll
0x00007ffcaae90000 - 0x00007ffcaaf8a000 	C:\WINDOWS\System32\ucrtbase.dll
0x00007ffca1590000 - 0x00007ffca1815000 	C:\WINDOWS\WinSxS\amd64_microsoft.windows.common-controls_6595b64144ccf1df_6.0.18362.778_none_e6c6b761130d4fb8\COMCTL32.dll
0x00007ffcabe90000 - 0x00007ffcac1c6000 	C:\WINDOWS\System32\combase.dll
0x00007ffcaadc0000 - 0x00007ffcaae40000 	C:\WINDOWS\System32\bcryptPrimitives.dll
0x00007ffcaca30000 - 0x00007ffcaca5e000 	C:\WINDOWS\System32\IMM32.DLL
0x00000000656e0000 - 0x00000000657b2000 	C:\Program Files\Android\Android Studio\jre\jre\bin\msvcr100.dll
0x00000000649e0000 - 0x0000000065226000 	C:\Program Files\Android\Android Studio\jre\jre\bin\server\jvm.dll
0x00007ffcadd90000 - 0x00007ffcadd98000 	C:\WINDOWS\System32\PSAPI.DLL
0x00007ffc96790000 - 0x00007ffc96799000 	C:\WINDOWS\SYSTEM32\WSOCK32.dll
0x00007ffca3280000 - 0x00007ffca328a000 	C:\WINDOWS\SYSTEM32\VERSION.dll
0x00007ffca85d0000 - 0x00007ffca85f4000 	C:\WINDOWS\SYSTEM32\WINMM.dll
0x00007ffcacce0000 - 0x00007ffcacd4f000 	C:\WINDOWS\System32\WS2_32.dll
0x00007ffca8510000 - 0x00007ffca853d000 	C:\WINDOWS\SYSTEM32\winmmbase.dll
0x00007ffcaae40000 - 0x00007ffcaae8a000 	C:\WINDOWS\System32\cfgmgr32.dll
0x00007ffca8640000 - 0x00007ffca864f000 	C:\Program Files\Android\Android Studio\jre\jre\bin\verify.dll
0x00007ffc9abb0000 - 0x00007ffc9abd9000 	C:\Program Files\Android\Android Studio\jre\jre\bin\java.dll
0x00007ffca26a0000 - 0x00007ffca26b6000 	C:\Program Files\Android\Android Studio\jre\jre\bin\zip.dll
0x00007ffcad1c0000 - 0x00007ffcad8a5000 	C:\WINDOWS\System32\SHELL32.dll
0x00007ffcad070000 - 0x00007ffcad119000 	C:\WINDOWS\System32\shcore.dll
0x00007ffcab710000 - 0x00007ffcabe90000 	C:\WINDOWS\System32\windows.storage.dll
0x00007ffcaacd0000 - 0x00007ffcaacf3000 	C:\WINDOWS\System32\profapi.dll
0x00007ffcaad20000 - 0x00007ffcaad6a000 	C:\WINDOWS\System32\powrprof.dll
0x00007ffcaaca0000 - 0x00007ffcaacb0000 	C:\WINDOWS\System32\UMPDC.dll
0x00007ffcadc70000 - 0x00007ffcadcc2000 	C:\WINDOWS\System32\shlwapi.dll
0x00007ffcaad00000 - 0x00007ffcaad11000 	C:\WINDOWS\System32\kernel.appcore.dll
0x00007ffcaad70000 - 0x00007ffcaad87000 	C:\WINDOWS\System32\cryptsp.dll
0x00007ffca2240000 - 0x00007ffca225a000 	C:\Program Files\Android\Android Studio\jre\jre\bin\net.dll
0x00007ffca0330000 - 0x00007ffca0505000 	C:\WINDOWS\SYSTEM32\urlmon.dll
0x00007ffc9e850000 - 0x00007ffc9eaf6000 	C:\WINDOWS\SYSTEM32\iertutil.dll
0x00007ffcaa6e0000 - 0x00007ffcaa6ec000 	C:\WINDOWS\SYSTEM32\CRYPTBASE.DLL
0x00007ffcaa510000 - 0x00007ffcaa577000 	C:\WINDOWS\system32\mswsock.dll
0x00007ffc9eb00000 - 0x00007ffc9eb13000 	C:\Program Files\Android\Android Studio\jre\jre\bin\nio.dll

VM Arguments:
java_command: org.jetbrains.kotlin.cli.jvm.K2JVMCompiler -Xallow-no-source-files -classpath C:\Users\Irfan\AndroidStudioProjects\BookHub\app\build\intermediates\compile_and_runtime_not_namespaced_r_class_jar\debug\R.jar;C:\Users\Irfan\.gradle\caches\transforms-2\files-2.1\2007790f728a1209fc7f4c998ef37192\jetified-kotlin-android-extensions-runtime-1.3.72.jar;C:\Users\Irfan\.gradle\caches\transforms-2\files-2.1\04a3f47a61e66bdc148e7c91fa0eb96d\jetified-kotlin-stdlib-jdk7-1.3.72.jar;C:\Users\Irfan\.gradle\caches\transforms-2\files-2.1\a42d944f366cbc7cacbac9cd80622097\jetified-core-ktx-1.2.0-api.jar;C:\Users\Irfan\.gradle\caches\transforms-2\files-2.1\88fdafa44c425dc99960dc38fd21e606\jetified-kotlin-stdlib-1.3.72.jar;C:\Users\Irfan\.gradle\caches\transforms-2\files-2.1\3fc56f9567b3362c5e198a251df74ff8\jetified-kotlin-stdlib-common-1.3.72.jar;C:\Users\Irfan\.gradle\caches\transforms-2\files-2.1\e6b13d476c07d97a8633c2e07ebe8ba6\jetified-annotations-13.0.jar;C:\Users\Irfan\.gradle\caches\transforms-2\files-2.1\6c6f61f182eaa2324bafa6ca9f3800cb\material-1.0.0-api.jar;C:\Users\Irfan\.gradle\caches\transforms-2\files-2.1\d8113fa49becebbb1ecc5f8807aa8334\appcompat-1.1.0-api.jar;C:\Users\Irfan\.gradle\caches\transforms-2\files-2.1\22ab961fb415b701ce9ec243e60af608\jetified-picasso-2.71828-api.jar;C:\Users\Irfan\.gradle\caches\transforms-2\files-2.1\fbc754069f19d249d4f917b2d14d3d77\legacy-support-v4-1.0.0-api.jar;C:\Users\Irfan\.gradle\caches\transforms-2\files-2.1\a0f86dfd2cc89758c9fa4fb48c53c0d1\fragment-1.1.0-api.jar;C:\Users\Irfan\.gradle\caches\transforms-2\files-2.1\a9a09bc4780fc9a6870cc8cea0a41469\jetified-appcompat-resources-1.1.0-api.jar;C:\Users\Irfan\.gradle\caches\transforms-2\files-2.1\15aa247b9ddcd6aa6c8c8be1d2088ebd\recyclerview-1.0.0-api.jar;C:\Users\Irfan\.gradle\caches\transforms-2\files-2.1\c47fd7d7dc02ea3dddd5829307ed47b4\legacy-support-core-ui-1.0.0-api.jar;C:\Users\Irfan\.gradle\caches\transforms-2\files-2.1\f60d503848a7312f41ea0c690e81db3c\drawerlayout-1.0
java_class_path (initial): C:\Users\Irfan\.gradle\caches\modules-2\files-2.1\org.jetbrains.kotlin\kotlin-compiler-embeddable\1.3.72\fb72232c8fa977d5e07d33c43381ddbdc5edab6\kotlin-compiler-embeddable-1.3.72.jar;C:\Users\Irfan\.gradle\caches\modules-2\files-2.1\org.jetbrains.kotlin\kotlin-reflect\1.3.72\86613e1a669a701b0c660bfd2af4f82a7ae11fca\kotlin-reflect-1.3.72.jar;C:\Users\Irfan\.gradle\caches\modules-2\files-2.1\org.jetbrains.kotlin\kotlin-stdlib\1.3.72\8032138f12c0180bc4e51fe139d4c52b46db6109\kotlin-stdlib-1.3.72.jar;C:\Users\Irfan\.gradle\caches\modules-2\files-2.1\org.jetbrains.kotlin\kotlin-script-runtime\1.3.72\657d8d34d91e1964b4439378c09933e840bfe8d5\kotlin-script-runtime-1.3.72.jar;C:\Users\Irfan\.gradle\caches\modules-2\files-2.1\org.jetbrains.kotlin\kotlin-daemon-embeddable\1.3.72\53bbaa2816dbf6bdb85f629451b1fcc88f2164d2\kotlin-daemon-embeddable-1.3.72.jar;C:\Users\Irfan\.gradle\caches\modules-2\files-2.1\org.jetbrains.intellij.deps\trove4j\1.0.20181211\216c2e14b070f334479d800987affe4054cd563f\trove4j-1.0.20181211.jar;C:\Users\Irfan\.gradle\caches\modules-2\files-2.1\org.jetbrains.kotlin\kotlin-stdlib-common\1.3.72\6ca8bee3d88957eaaaef077c41c908c9940492d8\kotlin-stdlib-common-1.3.72.jar;C:\Users\Irfan\.gradle\caches\modules-2\files-2.1\org.jetbrains\annotations\13.0\919f0dfe192fb4e063e7dacadee7f8bb9a2672a9\annotations-13.0.jar;C:\Program Files\Android\Android Studio\jre\lib\tools.jar
Launcher Type: SUN_STANDARD

Environment Variables:
PATH=C:\windows\system32;C:\windows;C:\windows\System32\Wbem;C:\windows\System32\WindowsPowerShell\v1.0\;C:\windows\System32\OpenSSH\;C:\Program Files (x86)\Intel\Intel(R) Management Engine Components\DAL;C:\Program Files\Intel\Intel(R) Management Engine Components\DAL;C:\Program Files (x86)\Intel\Intel(R) Management Engine Components\IPT;C:\Program Files\Intel\Intel(R) Management Engine Components\IPT;C:\Program Files (x86)\NVIDIA Corporation\PhysX\Common;C:\WINDOWS\system32;C:\WINDOWS;C:\WINDOWS\System32\Wbem;C:\WINDOWS\System32\WindowsPowerShell\v1.0\;C:\WINDOWS\System32\OpenSSH\;C:\Program Files\Microsoft SQL Server\Client SDK\ODBC\170\Tools\Binn\;C:\Program Files (x86)\Microsoft SQL Server\150\Tools\Binn\;C:\Program Files\Microsoft SQL Server\150\Tools\Binn\;C:\Program Files\Microsoft SQL Server\150\DTS\Binn\;C:\Program Files\Java\jdk-13.0.1\bin
USERNAME=Irfan
OS=Windows_NT
PROCESSOR_IDENTIFIER=Intel64 Family 6 Model 142 Stepping 10, GenuineIntel



---------------  S Y S T E M  ---------------

OS: Windows 10.0 , 64 bit Build 18362 (10.0.18362.778)

CPU:total 8 (initial active 8) (4 cores per cpu, 2 threads per core) family 6 model 142 stepping 10, cmov, cx8, fxsr, mmx, sse, sse2, sse3, ssse3, sse4.1, sse4.2, popcnt, avx, avx2, aes, clmul, erms, 3dnowpref, lzcnt, ht, tsc, tscinvbit, bmi1, bmi2, adx

Memory: 4k page, physical 8301668k(707516k free), swap 33467492k(5996k free)

vm_info: OpenJDK 64-Bit Server VM (25.212-b04) for windows-amd64 JRE (1.8.0_212-release-1586-b04), built by "builder" with MS VC++ 10.0 (VS2010)

time: Sun May 24 10:41:38 2020
timezone: India Standard Time
elapsed time: 3 seconds (0d 0h 0m 3s)

